<?xml version="1.0" encoding="UTF-8"?>
<testng-results ignored="0" total="6" passed="6" failed="0" skipped="0">
  <reporter-output>
  </reporter-output>
  <suite started-at="2021-05-23T23:33:54 IST" name="Suite" finished-at="2021-05-23T23:33:55 IST" duration-ms="121">
    <groups>
      <group name="Smoke">
        <method signature="test1.demo()[pri:0, instance:udemy.test1@1da2cb77]" name="demo" class="udemy.test1"/>
        <method signature="test2.testing(java.lang.String,java.lang.String)[pri:0, instance:udemy.test2@4738a206]" name="testing" class="udemy.test2"/>
      </group> <!-- Smoke -->
    </groups>
    <test started-at="2021-05-23T23:33:54 IST" name="Test" finished-at="2021-05-23T23:33:55 IST" duration-ms="121">
      <class name="udemy.test1">
        <test-method signature="demo()[pri:0, instance:udemy.test1@1da2cb77]" started-at="2021-05-23T23:33:55 IST" name="demo" finished-at="2021-05-23T23:33:55 IST" duration-ms="9" status="PASS">
          <reporter-output>
          </reporter-output>
        </test-method> <!-- demo -->
        <test-method signature="now(java.lang.String)[pri:0, instance:udemy.test1@1da2cb77]" started-at="2021-05-23T23:33:55 IST" name="now" finished-at="2021-05-23T23:33:55 IST" duration-ms="2" status="PASS">
          <params>
            <param index="0">
              <value>
                <![CDATA[carloan.com]]>
              </value>
            </param>
          </params>
          <reporter-output>
          </reporter-output>
        </test-method> <!-- now -->
        <test-method is-config="true" signature="end()[pri:0, instance:udemy.test1@1da2cb77]" started-at="2021-05-23T23:33:55 IST" name="end" finished-at="2021-05-23T23:33:55 IST" duration-ms="0" status="PASS">
          <reporter-output>
          </reporter-output>
        </test-method> <!-- end -->
      </class> <!-- udemy.test1 -->
      <class name="udemy.test2">
        <test-method is-config="true" signature="prerequisite()[pri:0, instance:udemy.test2@4738a206]" started-at="2021-05-23T23:33:55 IST" name="prerequisite" finished-at="2021-05-23T23:33:55 IST" duration-ms="13" status="PASS">
          <reporter-output>
          </reporter-output>
        </test-method> <!-- prerequisite -->
        <test-method signature="testing(java.lang.String,java.lang.String)[pri:0, instance:udemy.test2@4738a206]" started-at="2021-05-23T23:33:55 IST" name="testing" finished-at="2021-05-23T23:33:55 IST" duration-ms="3" status="PASS">
          <params>
            <param index="0">
              <value>
                <![CDATA[carloan.com]]>
              </value>
            </param>
            <param index="1">
              <value>
                <![CDATA[123456]]>
              </value>
            </param>
          </params>
          <reporter-output>
          </reporter-output>
        </test-method> <!-- testing -->
        <test-method signature="usingData(java.lang.String,java.lang.String)[pri:0, instance:udemy.test2@4738a206]" started-at="2021-05-23T23:33:55 IST" name="usingData" data-provider="getData" finished-at="2021-05-23T23:33:55 IST" duration-ms="3" status="PASS">
          <params>
            <param index="0">
              <value>
                <![CDATA[firstusername]]>
              </value>
            </param>
            <param index="1">
              <value>
                <![CDATA[firstpassword]]>
              </value>
            </param>
          </params>
          <reporter-output>
          </reporter-output>
        </test-method> <!-- usingData -->
        <test-method signature="usingData(java.lang.String,java.lang.String)[pri:0, instance:udemy.test2@4738a206]" started-at="2021-05-23T23:33:55 IST" name="usingData" data-provider="getData" finished-at="2021-05-23T23:33:55 IST" duration-ms="4" status="PASS">
          <params>
            <param index="0">
              <value>
                <![CDATA[secondusername]]>
              </value>
            </param>
            <param index="1">
              <value>
                <![CDATA[secondpassword]]>
              </value>
            </param>
          </params>
          <reporter-output>
          </reporter-output>
        </test-method> <!-- usingData -->
        <test-method signature="usingData(java.lang.String,java.lang.String)[pri:0, instance:udemy.test2@4738a206]" started-at="2021-05-23T23:33:55 IST" name="usingData" data-provider="getData" finished-at="2021-05-23T23:33:55 IST" duration-ms="2" status="PASS">
          <params>
            <param index="0">
              <value>
                <![CDATA[thridusername]]>
              </value>
            </param>
            <param index="1">
              <value>
                <![CDATA[thirdpassword]]>
              </value>
            </param>
          </params>
          <reporter-output>
          </reporter-output>
        </test-method> <!-- usingData -->
      </class> <!-- udemy.test2 -->
    </test> <!-- Test -->
  </suite> <!-- Suite -->
</testng-results>
