<?xml version="1.0" encoding="UTF-8"?>
<testng-results skipped="0" failed="0" ignored="0" total="6" passed="6">
  <reporter-output>
  </reporter-output>
  <suite name="Suite" duration-ms="91" started-at="2021-05-24T18:58:58 IST" finished-at="2021-05-24T18:58:58 IST">
    <groups>
    </groups>
    <test name="Test" duration-ms="91" started-at="2021-05-24T18:58:58 IST" finished-at="2021-05-24T18:58:58 IST">
      <class name="SeleniumMaven.Mavenjava.RESTAPITest">
        <test-method status="PASS" signature="deleteTwitter()[pri:0, instance:SeleniumMaven.Mavenjava.RESTAPITest@6737fd8f]" name="deleteTwitter" duration-ms="0" started-at="2021-05-24T18:58:58 IST" finished-at="2021-05-24T18:58:58 IST">
          <reporter-output>
          </reporter-output>
        </test-method> <!-- deleteTwitter -->
        <test-method status="PASS" signature="postJira()[pri:0, instance:SeleniumMaven.Mavenjava.RESTAPITest@6737fd8f]" name="postJira" duration-ms="2" started-at="2021-05-24T18:58:58 IST" finished-at="2021-05-24T18:58:58 IST">
          <reporter-output>
          </reporter-output>
        </test-method> <!-- postJira -->
      </class> <!-- SeleniumMaven.Mavenjava.RESTAPITest -->
      <class name="SeleniumMaven.Mavenjava.SeleniumTest">
        <test-method status="PASS" signature="BrowserAutomation()[pri:0, instance:SeleniumMaven.Mavenjava.SeleniumTest@72b6cbcc]" name="BrowserAutomation" duration-ms="1" started-at="2021-05-24T18:58:58 IST" finished-at="2021-05-24T18:58:58 IST">
          <reporter-output>
          </reporter-output>
        </test-method> <!-- BrowserAutomation -->
        <test-method status="PASS" signature="elementsUI()[pri:0, instance:SeleniumMaven.Mavenjava.SeleniumTest@72b6cbcc]" name="elementsUI" duration-ms="2" started-at="2021-05-24T18:58:58 IST" finished-at="2021-05-24T18:58:58 IST">
          <reporter-output>
          </reporter-output>
        </test-method> <!-- elementsUI -->
      </class> <!-- SeleniumMaven.Mavenjava.SeleniumTest -->
      <class name="SeleniumMaven.Mavenjava.AppiumTest">
        <test-method status="PASS" signature="IOSApps()[pri:0, instance:SeleniumMaven.Mavenjava.AppiumTest@32709393]" name="IOSApps" duration-ms="7" started-at="2021-05-24T18:58:58 IST" finished-at="2021-05-24T18:58:58 IST">
          <reporter-output>
          </reporter-output>
        </test-method> <!-- IOSApps -->
        <test-method status="PASS" signature="NativeAppAndroid()[pri:0, instance:SeleniumMaven.Mavenjava.AppiumTest@32709393]" name="NativeAppAndroid" duration-ms="1" started-at="2021-05-24T18:58:58 IST" finished-at="2021-05-24T18:58:58 IST">
          <reporter-output>
          </reporter-output>
        </test-method> <!-- NativeAppAndroid -->
      </class> <!-- SeleniumMaven.Mavenjava.AppiumTest -->
    </test> <!-- Test -->
  </suite> <!-- Suite -->
</testng-results>
