<?xml version="1.0" encoding="UTF-8"?>
<!-- Generated by org.testng.reporters.JUnitXMLReporter -->
<testsuite hostname="DESKTOP-H8KOGM6" ignored="0" name="Test" tests="6" failures="0" timestamp="2021-05-24T18:58:58 IST" time="0.091" errors="0">
  <testcase name="IOSApps" time="0.007" classname="SeleniumMaven.Mavenjava.AppiumTest"/>
  <testcase name="NativeAppAndroid" time="0.001" classname="SeleniumMaven.Mavenjava.AppiumTest"/>
  <testcase name="deleteTwitter" time="0.0" classname="SeleniumMaven.Mavenjava.RESTAPITest"/>
  <testcase name="postJira" time="0.002" classname="SeleniumMaven.Mavenjava.RESTAPITest"/>
  <testcase name="BrowserAutomation" time="0.001" classname="SeleniumMaven.Mavenjava.SeleniumTest"/>
  <testcase name="elementsUI" time="0.002" classname="SeleniumMaven.Mavenjava.SeleniumTest"/>
</testsuite> <!-- Test -->
