<?xml version="1.0" encoding="UTF-8"?>
<testng-results total="1" passed="1" failed="0" skipped="0">
  <reporter-output>
  </reporter-output>
  <suite started-at="2021-06-02T20:39:29Z" name="Default suite" finished-at="2021-06-02T20:39:29Z" duration-ms="46">
    <groups>
    </groups>
    <test started-at="2021-06-02T20:39:29Z" name="Default test" finished-at="2021-06-02T20:39:29Z" duration-ms="46">
      <class name="streams.demo1">
        <test-method signature="streamCollect()[pri:0, instance:streams.demo1@39d76cb5]" started-at="2021-06-03T02:09:29Z" name="streamCollect" finished-at="2021-06-03T02:09:29Z" duration-ms="19" status="PASS">
          <reporter-output>
          </reporter-output>
        </test-method> <!-- streamCollect -->
      </class> <!-- streams.demo1 -->
    </test> <!-- Default test -->
  </suite> <!-- Default suite -->
</testng-results>
