<?xml version="1.0" encoding="UTF-8"?>
<!-- Generated by org.testng.reporters.JUnitXMLReporter -->
<testsuite ignored="0" hostname="DESKTOP-H8KOGM6" failures="0" tests="10" name="Car Loan" time="0.125" errors="0" timestamp="2021-05-23T17:58:20 IST">
  <testcase classname="udemy.Loans" name="APIcar" time="0.004"/>
  <testcase classname="udemy.Loans" name="MobileLogincarLoan" time="0.004"/>
  <testcase classname="udemy.Loans" name="MobileshowcarLoan" time="0.004"/>
  <testcase classname="udemy.Loans" name="MobilesignincarLoan" time="0.004"/>
  <testcase classname="udemy.Loans" name="webLogincarLoan" time="0.007"/>
  <testcase classname="udemy.Loans1" name="APIhome" time="0.002"/>
  <testcase classname="udemy.Loans1" name="APIlogoff" time="0.004"/>
  <testcase classname="udemy.Loans1" name="APIsignin" time="0.007"/>
  <testcase classname="udemy.Loans1" name="MobileLoginhomeLoan" time="0.004"/>
  <testcase classname="udemy.Loans1" name="webLoginhomeLoan" time="0.006"/>
</testsuite> <!-- Car Loan -->
