<?xml version="1.0" encoding="UTF-8"?>
<!-- Generated by org.testng.reporters.JUnitXMLReporter -->
<testsuite ignored="1" hostname="DESKTOP-H8KOGM6" failures="0" tests="4" name="Exclude Special Loan" time="0.033" errors="0" timestamp="2021-05-23T17:58:20 IST">
  <testcase classname="udemy.Loans" name="APIcar" time="0.005"/>
  <testcase classname="udemy.Loans" name="MobileshowcarLoan" time="0.001"/>
  <testcase classname="udemy.Loans" name="MobilesignincarLoan" time="0.005"/>
  <testcase classname="udemy.Loans" name="webLogincarLoan" time="0.004"/>
  <testcase classname="udemy.Loans" name="MobileLogincarLoan" time="0.0">
    <ignored/>
  </testcase> <!-- MobileLogincarLoan -->
</testsuite> <!-- Exclude Special Loan -->
