<?xml version="1.0" encoding="UTF-8"?>
<!-- Generated by org.testng.reporters.JUnitXMLReporter -->
<testsuite ignored="4" hostname="DESKTOP-H8KOGM6" failures="0" tests="1" name="Include Special Loan" time="0.013" errors="0" timestamp="2021-05-23T17:58:20 IST">
  <testcase classname="udemy.Loans" name="MobileLogincarLoan" time="0.001"/>
  <testcase classname="udemy.Loans" name="APIcar" time="0.0">
    <ignored/>
  </testcase> <!-- APIcar -->
  <testcase classname="udemy.Loans" name="MobileshowcarLoan" time="0.0">
    <ignored/>
  </testcase> <!-- MobileshowcarLoan -->
  <testcase classname="udemy.Loans" name="webLogincarLoan" time="0.0">
    <ignored/>
  </testcase> <!-- webLogincarLoan -->
  <testcase classname="udemy.Loans" name="MobilesignincarLoan" time="0.0">
    <ignored/>
  </testcase> <!-- MobilesignincarLoan -->
</testsuite> <!-- Include Special Loan -->
