<?xml version="1.0" encoding="UTF-8"?>
<!-- Generated by org.testng.reporters.JUnitXMLReporter -->
<testsuite ignored="5" hostname="DESKTOP-H8KOGM6" failures="0" tests="5" name="Regrex Special Loan" time="0.056" errors="0" timestamp="2021-05-23T17:58:20 IST">
  <testcase classname="udemy.Loans" name="APIcar" time="0.003"/>
  <testcase classname="udemy.Loans" name="webLogincarLoan" time="0.003"/>
  <testcase classname="udemy.Loans1" name="APIhome" time="0.002"/>
  <testcase classname="udemy.Loans1" name="APIlogoff" time="0.002"/>
  <testcase classname="udemy.Loans1" name="APIsignin" time="0.001"/>
  <testcase classname="udemy.Loans" name="MobileLogincarLoan" time="0.0">
    <ignored/>
  </testcase> <!-- MobileLogincarLoan -->
  <testcase classname="udemy.Loans" name="MobileshowcarLoan" time="0.0">
    <ignored/>
  </testcase> <!-- MobileshowcarLoan -->
  <testcase classname="udemy.Loans1" name="MobileLoginhomeLoan" time="0.0">
    <ignored/>
  </testcase> <!-- MobileLoginhomeLoan -->
  <testcase classname="udemy.Loans1" name="webLoginhomeLoan" time="0.0">
    <ignored/>
  </testcase> <!-- webLoginhomeLoan -->
  <testcase classname="udemy.Loans" name="MobilesignincarLoan" time="0.0">
    <ignored/>
  </testcase> <!-- MobilesignincarLoan -->
</testsuite> <!-- Regrex Special Loan -->
