<?xml version="1.0" encoding="UTF-8"?>
<!-- Generated by org.testng.reporters.JUnitXMLReporter -->
<testsuite ignored="1" hostname="DESKTOP-H8KOGM6" failures="0" tests="2" name="Special Loan" time="0.02" errors="0" timestamp="2021-05-23T12:10:26 IST">
  <testcase classname="udemy.Loans" name="RestAPIcar" time="0.005"/>
  <testcase classname="udemy.Loans" name="webLogincarLoan" time="0.002"/>
  <testcase classname="udemy.Loans" name="MobileLogincarLoan" time="0.0">
    <ignored/>
  </testcase> <!-- MobileLogincarLoan -->
</testsuite> <!-- Special Loan -->
