<?xml version="1.0" encoding="UTF-8"?>
<!-- Generated by org.testng.reporters.JUnitXMLReporter -->
<testsuite ignored="0" hostname="DESKTOP-H8KOGM6" failures="0" tests="6" name="Test" time="0.121" errors="0" timestamp="2021-05-23T23:33:55 IST">
  <testcase classname="udemy.test1" name="demo" time="0.009"/>
  <testcase classname="udemy.test1" name="now" time="0.002"/>
  <testcase classname="udemy.test2" name="testing" time="0.003"/>
  <testcase classname="udemy.test2" name="usingData" time="0.003"/>
  <testcase classname="udemy.test2" name="usingData" time="0.004"/>
  <testcase classname="udemy.test2" name="usingData" time="0.002"/>
</testsuite> <!-- Test -->
